<?xml version="1.0" encoding="UTF-8"?>
<!-- Generated by org.testng.reporters.JUnitXMLReporter -->
<testsuite ignored="1" hostname="DESKTOP-GSF0NSK" failures="0" tests="6" name="Test" time="144.605" errors="0" timestamp="2023-05-26T23:10:44 IST">
  <testcase classname="Demo.appiumFramework.Test_HybrideApp" name="Book_Now" time="35.376"/>
  <testcase classname="Demo.appiumFramework.Test_HybrideApp" name="search" time="12.858"/>
  <testcase classname="Demo.appiumFramework.Test_HybrideApp" name="coll_us" time="19.087"/>
  <testcase classname="Demo.appiumFramework.Test_HybrideApp" name="aboutUs" time="22.902"/>
  <testcase classname="Demo.appiumFramework.Test_HybrideApp" name="update_profile" time="15.216"/>
  <testcase classname="Demo.appiumFramework.Test_HybrideApp" name="Testcase8" time="15.484"/>
  <testcase classname="Demo.appiumFramework.Test_HybrideApp" name="Info_Center" time="0.0">
    <ignored/>
  </testcase> <!-- Info_Center -->
</testsuite> <!-- Test -->
